TN:
SF:src\modules\appointments\services\CreateAppointmentService.ts
FN:15,(anonymous_17)
FN:16,CreateAppointmentService
FN:21,(anonymous_19)
FNF:3
FNH:3
FNDA:1,(anonymous_17)
FNDA:2,CreateAppointmentService
FNDA:3,(anonymous_19)
DA:1,1
DA:4,1
DA:15,1
DA:18,2
DA:21,1
DA:22,3
DA:23,3
DA:25,3
DA:27,3
DA:31,3
DA:32,1
DA:35,2
DA:40,2
DA:42,1
DA:44,1
LF:15
LH:15
BRDA:31,0,0,1
BRDA:31,0,1,2
BRF:2
BRH:2
end_of_record
TN:
SF:src\modules\users\services\CreateSessonService.ts
FN:18,(anonymous_18)
FN:19,CreateSessionService
FN:24,(anonymous_20)
FNF:3
FNH:0
FNDA:0,(anonymous_18)
FNDA:0,CreateSessionService
FNDA:0,(anonymous_20)
DA:1,0
DA:2,0
DA:3,0
DA:4,0
DA:18,0
DA:21,0
DA:24,0
DA:25,0
DA:27,0
DA:28,0
DA:31,0
DA:33,0
DA:34,0
DA:37,0
DA:42,0
DA:44,0
DA:46,0
LF:17
LH:0
BRDA:25,0,0,0
BRDA:27,1,0,0
BRDA:27,1,1,0
BRDA:33,2,0,0
BRDA:33,2,1,0
BRF:5
BRH:0
end_of_record
TN:
SF:src\modules\users\services\CreateUserService.ts
FN:13,(anonymous_17)
FN:14,CreateUserService
FN:19,(anonymous_19)
FNF:3
FNH:3
FNDA:1,(anonymous_17)
FNDA:2,CreateUserService
FNDA:3,(anonymous_19)
DA:1,1
DA:3,1
DA:13,1
DA:16,2
DA:19,3
DA:20,3
DA:22,3
DA:23,1
DA:26,2
DA:28,2
DA:34,2
DA:36,1
DA:38,1
LF:13
LH:13
BRDA:20,0,0,3
BRDA:22,1,0,1
BRDA:22,1,1,2
BRF:3
BRH:3
end_of_record
TN:
SF:src\modules\users\services\UpdateAvatarService.ts
FN:13,(anonymous_18)
FN:14,UpdateAvatarService
FN:19,(anonymous_20)
FNF:3
FNH:0
FNDA:0,(anonymous_18)
FNDA:0,UpdateAvatarService
FNDA:0,(anonymous_20)
DA:1,0
DA:2,0
DA:3,0
DA:4,0
DA:13,0
DA:16,0
DA:19,0
DA:20,0
DA:21,0
DA:23,0
DA:25,0
DA:26,0
DA:29,0
DA:30,0
DA:32,0
DA:34,0
DA:35,0
DA:38,0
DA:40,0
DA:42,0
DA:44,0
DA:46,0
LF:22
LH:0
BRDA:23,0,0,0
BRDA:25,1,0,0
BRDA:25,1,1,0
BRDA:29,2,0,0
BRDA:29,2,1,0
BRDA:34,3,0,0
BRDA:34,3,1,0
BRF:7
BRH:0
end_of_record
