TN:
SF:src\modules\appointments\services\CreateAppointmentService.ts
FN:15,(anonymous_17)
FN:16,CreateAppointmentService
FN:21,(anonymous_19)
FNF:3
FNH:3
FNDA:1,(anonymous_17)
FNDA:2,CreateAppointmentService
FNDA:3,(anonymous_19)
DA:1,1
DA:4,1
DA:15,1
DA:18,2
DA:21,1
DA:22,3
DA:23,3
DA:25,3
DA:27,3
DA:31,3
DA:32,1
DA:35,2
DA:40,2
DA:42,1
DA:44,1
LF:15
LH:15
BRDA:31,0,0,1
BRDA:31,0,1,2
BRF:2
BRH:2
end_of_record
TN:
SF:src\modules\users\services\CreateSessonService.ts
FN:19,(anonymous_18)
FN:20,CreateSessionService
FN:27,(anonymous_20)
FNF:3
FNH:3
FNDA:1,(anonymous_18)
FNDA:3,CreateSessionService
FNDA:3,(anonymous_20)
DA:1,1
DA:2,1
DA:3,1
DA:19,1
DA:22,3
DA:24,3
DA:27,3
DA:28,3
DA:30,3
DA:31,1
DA:34,2
DA:38,2
DA:39,2
DA:40,1
DA:42,1
DA:44,1
DA:49,1
DA:51,1
DA:53,1
LF:19
LH:19
BRDA:28,0,0,3
BRDA:30,1,0,1
BRDA:30,1,1,2
BRDA:39,2,0,1
BRDA:39,2,1,1
BRF:5
BRH:5
end_of_record
TN:
SF:src\modules\users\services\CreateUserService.ts
FN:12,(anonymous_17)
FN:13,CreateUserService
FN:20,(anonymous_19)
FNF:3
FNH:3
FNDA:2,(anonymous_17)
FNDA:5,CreateUserService
FNDA:5,(anonymous_19)
DA:1,2
DA:12,2
DA:15,5
DA:17,5
DA:20,5
DA:21,5
DA:23,5
DA:24,1
DA:27,4
DA:29,4
DA:35,4
DA:37,2
DA:39,2
LF:13
LH:13
BRDA:21,0,0,5
BRDA:23,1,0,1
BRDA:23,1,1,4
BRF:3
BRH:3
end_of_record
TN:
SF:src\modules\users\services\UpdateAvatarService.ts
FN:11,(anonymous_17)
FN:12,UpdateAvatarService
FN:19,(anonymous_19)
FNF:3
FNH:3
FNDA:1,(anonymous_17)
FNDA:3,UpdateAvatarService
FNDA:4,(anonymous_19)
DA:1,1
DA:11,1
DA:14,3
DA:16,3
DA:19,1
DA:20,4
DA:21,4
DA:23,4
DA:25,4
DA:26,1
DA:29,5
DA:30,2
DA:32,3
DA:34,3
DA:36,6
DA:38,3
DA:40,1
DA:42,1
LF:18
LH:18
BRDA:23,0,0,4
BRDA:23,0,1,3
BRDA:25,1,0,1
BRDA:25,1,1,3
BRDA:29,2,0,2
BRDA:29,2,1,1
BRF:6
BRH:6
end_of_record
